BookReader2/app/build/intermediates/manifest_merge_blame_file/release/manifest-merger-blame-release-report.txt
1<?xml version="1.0" encoding="utf-8"?>
2<manifest xmlns:android="http://schemas.android.com/apk/res/android"
3    package="com.example.bookreader"
4    android:versionCode="1"
5    android:versionName="1.0" >
6
7    <uses-sdk
8        android:minSdkVersion="24"
8-->src\main\AndroidManifest.xml
9        android:targetSdkVersion="32" />
9-->src\main\AndroidManifest.xml
10
11    <uses-permission android:name="android.permission.INTERNET" />
11-->src\main\AndroidManifest.xml:5:5-67
11-->src\main\AndroidManifest.xml:5:22-64
12    <uses-permission android:name="android.permission.READ_EXTERNAL_STORAGE" />
12-->src\main\AndroidManifest.xml:6:5-80
12-->src\main\AndroidManifest.xml:6:22-77
13    <uses-permission android:name="android.permission.WRITE_EXTERNAL_STORAGE" />
13-->[com.github.bifan-wei:HwTxtReader:V2.2] AndroidManifest.xml:12:5-81
13-->[com.github.bifan-wei:HwTxtReader:V2.2] AndroidManifest.xml:12:22-78
14    <uses-permission android:name="android.permission.ACCESS_NETWORK_STATE" />
14-->[com.google.mlkit:translate:16.1.2] AndroidManifest.xml:7:5-79
14-->[com.google.mlkit:translate:16.1.2] AndroidManifest.xml:7:22-76
15    <uses-permission android:name="android.permission.REORDER_TASKS" />
15-->[androidx.test:core:1.4.0] AndroidManifest.xml:24:5-72
15-->[androidx.test:core:1.4.0] AndroidManifest.xml:24:22-69
16
17    <application
17-->src\main\AndroidManifest.xml:8:5-50:19
18        android:name="com.example.bookreader.MyApplication"
18-->src\main\AndroidManifest.xml:9:9-38
19        android:allowBackup="true"
19-->src\main\AndroidManifest.xml:10:9-35
20        android:appComponentFactory="androidx.core.app.CoreComponentFactory"
20-->[androidx.core:core:1.5.0] AndroidManifest.xml:24:18-86
21        android:extractNativeLibs="false"
22        android:icon="@mipmap/ic_launcher"
22-->src\main\AndroidManifest.xml:11:9-43
23        android:label="@string/app_name"
23-->src\main\AndroidManifest.xml:12:9-41
24        android:networkSecurityConfig="@xml/network_security_config"
24-->src\main\AndroidManifest.xml:13:9-69
25        android:roundIcon="@mipmap/ic_launcher_round"
25-->src\main\AndroidManifest.xml:14:9-54
26        android:supportsRtl="true"
26-->src\main\AndroidManifest.xml:15:9-35
27        android:theme="@style/Theme.BookReader" >
27-->src\main\AndroidManifest.xml:16:9-48
28        <activity
28-->src\main\AndroidManifest.xml:17:9-20:51
29            android:name="com.example.bookreader.ReaderActivity"
29-->src\main\AndroidManifest.xml:18:13-43
30            android:exported="false"
30-->src\main\AndroidManifest.xml:19:13-37
31            android:screenOrientation="portrait" />
31-->src\main\AndroidManifest.xml:20:13-49
32        <activity
32-->src\main\AndroidManifest.xml:21:9-23:39
33            android:name="com.bifan.txtreaderlib.ui.HwTxtPlayActivity"
33-->src\main\AndroidManifest.xml:22:13-71
34            android:exported="true"
34-->src\main\AndroidManifest.xml:23:13-36
35            android:theme="@style/HwTxtFullScreen" >
35-->[com.github.bifan-wei:HwTxtReader:V2.2] AndroidManifest.xml:20:13-51
36            <intent-filter>
36-->[com.github.bifan-wei:HwTxtReader:V2.2] AndroidManifest.xml:21:13-29:29
37                <data android:scheme="txt" />
37-->[com.github.bifan-wei:HwTxtReader:V2.2] AndroidManifest.xml:22:17-46
37-->[com.github.bifan-wei:HwTxtReader:V2.2] AndroidManifest.xml:22:23-43
38
39                <action android:name="android.intent.action.VIEW" />
39-->[com.github.bifan-wei:HwTxtReader:V2.2] AndroidManifest.xml:24:17-69
39-->[com.github.bifan-wei:HwTxtReader:V2.2] AndroidManifest.xml:24:25-66
40
41                <category android:name="android.intent.category.DEFAULT" />
41-->[com.github.bifan-wei:HwTxtReader:V2.2] AndroidManifest.xml:26:17-76
41-->[com.github.bifan-wei:HwTxtReader:V2.2] AndroidManifest.xml:26:27-73
42
43                <data android:mimeType="text/plain" />
43-->[com.github.bifan-wei:HwTxtReader:V2.2] AndroidManifest.xml:22:17-46
44            </intent-filter>
45        </activity>
46        <activity
46-->src\main\AndroidManifest.xml:24:9-26:40
47            android:name="com.example.bookreader.SearchActivity"
47-->src\main\AndroidManifest.xml:25:13-43
48            android:exported="false" />
48-->src\main\AndroidManifest.xml:26:13-37
49        <activity
49-->src\main\AndroidManifest.xml:27:9-30:52
50            android:name="com.example.bookreader.DetailActivity"
50-->src\main\AndroidManifest.xml:28:13-43
51            android:exported="false"
51-->src\main\AndroidManifest.xml:29:13-37
52            android:screenOrientation="portrait" />
52-->src\main\AndroidManifest.xml:30:13-49
53        <activity
53-->src\main\AndroidManifest.xml:31:9-33:40
54            android:name="com.example.bookreader.SignupActivity"
54-->src\main\AndroidManifest.xml:32:13-43
55            android:exported="false" />
55-->src\main\AndroidManifest.xml:33:13-37
56        <activity
56-->src\main\AndroidManifest.xml:34:9-36:40
57            android:name="com.example.bookreader.MainActivity"
57-->src\main\AndroidManifest.xml:35:13-41
58            android:exported="false" />
58-->src\main\AndroidManifest.xml:36:13-37
59        <activity
59-->src\main\AndroidManifest.xml:37:9-39:40
60            android:name="com.example.bookreader.ChangePasswordActivity"
60-->src\main\AndroidManifest.xml:38:13-51
61            android:exported="false" />
61-->src\main\AndroidManifest.xml:39:13-37
62        <activity
62-->src\main\AndroidManifest.xml:40:9-49:20
63            android:name="com.example.bookreader.LoginActivity"
63-->src\main\AndroidManifest.xml:41:13-42
64            android:exported="true"
64-->src\main\AndroidManifest.xml:42:13-36
65            android:launchMode="singleTask" >
65-->src\main\AndroidManifest.xml:43:13-44
66            <intent-filter>
66-->src\main\AndroidManifest.xml:44:13-48:29
67                <action android:name="android.intent.action.MAIN" />
67-->src\main\AndroidManifest.xml:45:17-69
67-->src\main\AndroidManifest.xml:45:25-66
68
69                <category android:name="android.intent.category.LAUNCHER" />
69-->src\main\AndroidManifest.xml:47:17-77
69-->src\main\AndroidManifest.xml:47:27-74
70            </intent-filter>
71        </activity>
72
73        <service
73-->[androidx.room:room-runtime:2.4.1] AndroidManifest.xml:25:9-28:40
74            android:name="androidx.room.MultiInstanceInvalidationService"
74-->[androidx.room:room-runtime:2.4.1] AndroidManifest.xml:26:13-74
75            android:directBootAware="true"
75-->[androidx.room:room-runtime:2.4.1] AndroidManifest.xml:27:13-43
76            android:exported="false" />
76-->[androidx.room:room-runtime:2.4.1] AndroidManifest.xml:28:13-37
77        <service
77-->[com.google.mlkit:translate:16.1.2] AndroidManifest.xml:11:9-20:19
78            android:name="com.google.mlkit.common.internal.MlKitComponentDiscoveryService"
78-->[com.google.mlkit:translate:16.1.2] AndroidManifest.xml:12:13-91
79            android:directBootAware="true"
79-->[com.google.mlkit:common:17.1.0] AndroidManifest.xml:17:13-43
80            android:exported="false" >
80-->[com.google.mlkit:translate:16.1.2] AndroidManifest.xml:13:13-37
81            <meta-data
81-->[com.google.mlkit:translate:16.1.2] AndroidManifest.xml:14:13-16:85
82                android:name="com.google.firebase.components:com.google.mlkit.nl.translate.NaturalLanguageTranslateRegistrar"
82-->[com.google.mlkit:translate:16.1.2] AndroidManifest.xml:15:17-126
83                android:value="com.google.firebase.components.ComponentRegistrar" />
83-->[com.google.mlkit:translate:16.1.2] AndroidManifest.xml:16:17-82
84            <meta-data
84-->[com.google.mlkit:translate:16.1.2] AndroidManifest.xml:17:13-19:85
85                android:name="com.google.firebase.components:com.google.mlkit.nl.translate.RemoteConfigRegistrar"
85-->[com.google.mlkit:translate:16.1.2] AndroidManifest.xml:18:17-114
86                android:value="com.google.firebase.components.ComponentRegistrar" />
86-->[com.google.mlkit:translate:16.1.2] AndroidManifest.xml:19:17-82
87            <meta-data
87-->[com.google.mlkit:common:17.1.0] AndroidManifest.xml:20:13-22:85
88                android:name="com.google.firebase.components:com.google.mlkit.common.internal.CommonComponentRegistrar"
88-->[com.google.mlkit:common:17.1.0] AndroidManifest.xml:21:17-120
89                android:value="com.google.firebase.components.ComponentRegistrar" />
89-->[com.google.mlkit:common:17.1.0] AndroidManifest.xml:22:17-82
90        </service>
91
92        <provider
92-->[com.google.mlkit:common:17.1.0] AndroidManifest.xml:9:9-13:38
93            android:name="com.google.mlkit.common.internal.MlKitInitProvider"
93-->[com.google.mlkit:common:17.1.0] AndroidManifest.xml:10:13-78
94            android:authorities="com.example.bookreader.mlkitinitprovider"
94-->[com.google.mlkit:common:17.1.0] AndroidManifest.xml:11:13-69
95            android:exported="false"
95-->[com.google.mlkit:common:17.1.0] AndroidManifest.xml:12:13-37
96            android:initOrder="99" />
96-->[com.google.mlkit:common:17.1.0] AndroidManifest.xml:13:13-35
97
98        <activity
98-->[com.google.android.gms:play-services-base:17.4.0] AndroidManifest.xml:23:9-26:75
99            android:name="com.google.android.gms.common.api.GoogleApiActivity"
99-->[com.google.android.gms:play-services-base:17.4.0] AndroidManifest.xml:24:13-79
100            android:exported="false"
100-->[com.google.android.gms:play-services-base:17.4.0] AndroidManifest.xml:25:13-37
101            android:theme="@android:style/Theme.Translucent.NoTitleBar" />
101-->[com.google.android.gms:play-services-base:17.4.0] AndroidManifest.xml:26:13-72
102
103        <meta-data
103-->[com.google.android.gms:play-services-basement:17.4.0] AndroidManifest.xml:23:9-25:69
104            android:name="com.google.android.gms.version"
104-->[com.google.android.gms:play-services-basement:17.4.0] AndroidManifest.xml:24:13-58
105            android:value="@integer/google_play_services_version" />
105-->[com.google.android.gms:play-services-basement:17.4.0] AndroidManifest.xml:25:13-66
106
107        <provider
107-->[androidx.profileinstaller:profileinstaller:1.1.0] AndroidManifest.xml:26:9-34:20
108            android:name="androidx.startup.InitializationProvider"
108-->[androidx.profileinstaller:profileinstaller:1.1.0] AndroidManifest.xml:27:13-67
109            android:authorities="com.example.bookreader.androidx-startup"
109-->[androidx.profileinstaller:profileinstaller:1.1.0] AndroidManifest.xml:28:13-68
110            android:exported="false" >
110-->[androidx.profileinstaller:profileinstaller:1.1.0] AndroidManifest.xml:29:13-37
111            <meta-data
111-->[androidx.profileinstaller:profileinstaller:1.1.0] AndroidManifest.xml:31:13-33:52
112                android:name="androidx.profileinstaller.ProfileInstallerInitializer"
112-->[androidx.profileinstaller:profileinstaller:1.1.0] AndroidManifest.xml:32:17-85
113                android:value="androidx.startup" />
113-->[androidx.profileinstaller:profileinstaller:1.1.0] AndroidManifest.xml:33:17-49
114        </provider>
115
116        <receiver
116-->[androidx.profileinstaller:profileinstaller:1.1.0] AndroidManifest.xml:36:9-45:20
117            android:name="androidx.profileinstaller.ProfileInstallReceiver"
117-->[androidx.profileinstaller:profileinstaller:1.1.0] AndroidManifest.xml:37:13-76
118            android:directBootAware="false"
118-->[androidx.profileinstaller:profileinstaller:1.1.0] AndroidManifest.xml:38:13-44
119            android:enabled="true"
119-->[androidx.profileinstaller:profileinstaller:1.1.0] AndroidManifest.xml:39:13-35
120            android:exported="true"
120-->[androidx.profileinstaller:profileinstaller:1.1.0] AndroidManifest.xml:40:13-36
121            android:permission="android.permission.DUMP" >
121-->[androidx.profileinstaller:profileinstaller:1.1.0] AndroidManifest.xml:41:13-57
122            <intent-filter>
122-->[androidx.profileinstaller:profileinstaller:1.1.0] AndroidManifest.xml:42:13-44:29
123                <action android:name="androidx.profileinstaller.action.INSTALL_PROFILE" />
123-->[androidx.profileinstaller:profileinstaller:1.1.0] AndroidManifest.xml:43:17-91
123-->[androidx.profileinstaller:profileinstaller:1.1.0] AndroidManifest.xml:43:25-88
124            </intent-filter>
125        </receiver>
126
127        <service
127-->[com.google.android.datatransport:transport-backend-cct:2.3.2] AndroidManifest.xml:29:9-35:19
128            android:name="com.google.android.datatransport.runtime.backends.TransportBackendDiscovery"
128-->[com.google.android.datatransport:transport-backend-cct:2.3.2] AndroidManifest.xml:30:13-103
129            android:exported="false" >
129-->[com.google.android.datatransport:transport-backend-cct:2.3.2] AndroidManifest.xml:31:13-37
130            <meta-data
130-->[com.google.android.datatransport:transport-backend-cct:2.3.2] AndroidManifest.xml:32:13-34:39
131                android:name="backend:com.google.android.datatransport.cct.CctBackendFactory"
131-->[com.google.android.datatransport:transport-backend-cct:2.3.2] AndroidManifest.xml:33:17-94
132                android:value="cct" />
132-->[com.google.android.datatransport:transport-backend-cct:2.3.2] AndroidManifest.xml:34:17-36
133        </service>
134        <service
134-->[com.google.android.datatransport:transport-runtime:2.2.5] AndroidManifest.xml:26:9-30:19
135            android:name="com.google.android.datatransport.runtime.scheduling.jobscheduling.JobInfoSchedulerService"
135-->[com.google.android.datatransport:transport-runtime:2.2.5] AndroidManifest.xml:27:13-117
136            android:exported="false"
136-->[com.google.android.datatransport:transport-runtime:2.2.5] AndroidManifest.xml:28:13-37
137            android:permission="android.permission.BIND_JOB_SERVICE" >
137-->[com.google.android.datatransport:transport-runtime:2.2.5] AndroidManifest.xml:29:13-69
138        </service>
139
140        <receiver
140-->[com.google.android.datatransport:transport-runtime:2.2.5] AndroidManifest.xml:32:9-34:40
141            android:name="com.google.android.datatransport.runtime.scheduling.jobscheduling.AlarmManagerSchedulerBroadcastReceiver"
141-->[com.google.android.datatransport:transport-runtime:2.2.5] AndroidManifest.xml:33:13-132
142            android:exported="false" />
142-->[com.google.android.datatransport:transport-runtime:2.2.5] AndroidManifest.xml:34:13-37
143
144        <activity
144-->[androidx.test:core:1.4.0] AndroidManifest.xml:27:9-34:20
145            android:name="androidx.test.core.app.InstrumentationActivityInvoker$BootstrapActivity"
145-->[androidx.test:core:1.4.0] AndroidManifest.xml:28:13-99
146            android:exported="true"
146-->[androidx.test:core:1.4.0] AndroidManifest.xml:29:13-36
147            android:theme="@android:style/Theme" >
147-->[androidx.test:core:1.4.0] AndroidManifest.xml:30:13-49
148            <intent-filter>
148-->[androidx.test:core:1.4.0] AndroidManifest.xml:31:13-33:29
149                <action android:name="android.intent.action.MAIN" />
149-->src\main\AndroidManifest.xml:45:17-69
149-->src\main\AndroidManifest.xml:45:25-66
150            </intent-filter>
151        </activity>
152        <activity
152-->[androidx.test:core:1.4.0] AndroidManifest.xml:35:9-42:20
153            android:name="androidx.test.core.app.InstrumentationActivityInvoker$EmptyActivity"
153-->[androidx.test:core:1.4.0] AndroidManifest.xml:36:13-95
154            android:exported="true"
154-->[androidx.test:core:1.4.0] AndroidManifest.xml:37:13-36
155            android:theme="@android:style/Theme" >
155-->[androidx.test:core:1.4.0] AndroidManifest.xml:38:13-49
156            <intent-filter>
156-->[androidx.test:core:1.4.0] AndroidManifest.xml:31:13-33:29
157                <action android:name="android.intent.action.MAIN" />
157-->src\main\AndroidManifest.xml:45:17-69
157-->src\main\AndroidManifest.xml:45:25-66
158            </intent-filter>
159        </activity>
160        <activity
160-->[androidx.test:core:1.4.0] AndroidManifest.xml:43:9-50:20
161            android:name="androidx.test.core.app.InstrumentationActivityInvoker$EmptyFloatingActivity"
161-->[androidx.test:core:1.4.0] AndroidManifest.xml:44:13-103
162            android:exported="true"
162-->[androidx.test:core:1.4.0] AndroidManifest.xml:45:13-36
163            android:theme="@android:style/Theme.Dialog" >
163-->[androidx.test:core:1.4.0] AndroidManifest.xml:46:13-56
164            <intent-filter>
164-->[androidx.test:core:1.4.0] AndroidManifest.xml:31:13-33:29
165                <action android:name="android.intent.action.MAIN" />
165-->src\main\AndroidManifest.xml:45:17-69
165-->src\main\AndroidManifest.xml:45:25-66
166            </intent-filter>
167        </activity>
168    </application>
169
170</manifest>